<?xml version="1.0" encoding="UTF-8"?>
<!-- Generated by org.testng.reporters.JUnitReportReporter -->
<testsuite skipped="0" hostname="DESKTOP-C90RD6T" name="testngproject.Exampleannotions2" tests="3" failures="0" timestamp="2022-05-13T20:43:16 IST" time="0.017" errors="0">
  <testcase name="b" time="0.001" classname="testngproject.Exampleannotions2"/>
  <system-out/>
  <testcase name="d" time="0.016" classname="testngproject.Exampleannotions2"/>
  <system-out/>
  <testcase name="e" time="0.000" classname="testngproject.Exampleannotions2"/>
  <system-out/>
</testsuite> <!-- testngproject.Exampleannotions2 -->
