<?xml version="1.0" encoding="UTF-8"?>
<!-- Generated by org.testng.reporters.JUnitReportReporter -->
<testsuite skipped="0" hostname="DESKTOP-C90RD6T" name="testngproject.TestNg3" tests="1" failures="0" timestamp="2022-05-13T09:38:18 IST" time="2.025" errors="0">
  <testcase name="t" time="2.025" classname="testngproject.TestNg3"/>
  <system-out/>
</testsuite> <!-- testngproject.TestNg3 -->
