<?xml version="1.0" encoding="UTF-8"?>
<!-- Generated by org.testng.reporters.JUnitReportReporter -->
<testsuite skipped="0" hostname="DESKTOP-C90RD6T" name="testngproject.Exapleofannotions1" tests="2" failures="0" timestamp="2022-05-13T20:39:15 IST" time="0.031" errors="0">
  <testcase name="a" time="0.016" classname="testngproject.Exapleofannotions1"/>
  <system-out/>
  <testcase name="f" time="0.015" classname="testngproject.Exapleofannotions1"/>
  <system-out/>
</testsuite> <!-- testngproject.Exapleofannotions1 -->
