<?xml version="1.0" encoding="UTF-8"?>
<!-- Generated by org.testng.reporters.JUnitReportReporter -->
<testsuite skipped="0" hostname="DESKTOP-C90RD6T" name="testngproject.TestNG6" tests="1" failures="0" timestamp="2022-05-13T10:07:27 IST" time="0.017" errors="0">
  <testcase name="la" time="0.017" classname="testngproject.TestNG6"/>
  <system-out/>
</testsuite> <!-- testngproject.TestNG6 -->
