<?xml version="1.0" encoding="UTF-8"?>
<!-- Generated by org.testng.reporters.JUnitReportReporter -->
<testsuite skipped="0" hostname="DESKTOP-C90RD6T" name="testngproject.Testngpara6" tests="3" failures="0" timestamp="2022-05-13T20:28:28 IST" time="0.548" errors="0">
  <testcase name="signIn" time="0.000" classname="testngproject.Testngpara6"/>
  <system-out/>
  <testcase name="checkNotification" time="0.548" classname="testngproject.Testngpara6"/>
  <system-out/>
  <testcase name="login" time="0.000" classname="testngproject.Testngpara6"/>
  <system-out/>
</testsuite> <!-- testngproject.Testngpara6 -->
