<?xml version="1.0" encoding="UTF-8"?>
<!-- Generated by org.testng.reporters.JUnitReportReporter -->
<testsuite skipped="0" hostname="DESKTOP-C90RD6T" name="testngproject.TestNG2" tests="1" failures="0" timestamp="2022-05-13T09:33:55 IST" time="0.025" errors="0">
  <testcase name="shitu" time="0.025" classname="testngproject.TestNG2"/>
  <system-out/>
</testsuite> <!-- testngproject.TestNG2 -->
