<?xml version="1.0" encoding="UTF-8"?>
<!-- Generated by org.testng.reporters.JUnitReportReporter -->
<testsuite skipped="0" hostname="DESKTOP-C90RD6T" name="testngproject.TestNGPARA4" tests="3" failures="0" timestamp="2022-05-18T19:13:05 IST" time="0.036" errors="0">
  <testcase name="checkNotification" time="0.002" classname="testngproject.TestNGPARA4"/>
  <system-out/>
  <testcase name="login" time="0.002" classname="testngproject.TestNGPARA4"/>
  <system-out/>
  <testcase name="signIn" time="0.032" classname="testngproject.TestNGPARA4"/>
  <system-out/>
</testsuite> <!-- testngproject.TestNGPARA4 -->
