<?xml version="1.0" encoding="UTF-8"?>
<!-- Generated by org.testng.reporters.JUnitReportReporter -->
<testsuite skipped="0" hostname="DESKTOP-C90RD6T" name="testngproject.TestNG4" tests="1" failures="0" timestamp="2022-05-13T09:41:12 IST" time="0.018" errors="0">
  <testcase name="f" time="0.018" classname="testngproject.TestNG4"/>
  <system-out/>
</testsuite> <!-- testngproject.TestNG4 -->
