<?xml version="1.0" encoding="UTF-8"?>
<!-- Generated by org.testng.reporters.JUnitReportReporter -->
<testsuite skipped="2" hostname="DESKTOP-C90RD6T" name="testngproject.TestNGpara3" tests="4" failures="0" timestamp="2022-05-13T19:19:33 IST" time="0.014" errors="0">
  <testcase name="a" time="0.011" classname="testngproject.TestNGpara3"/>
  <system-out/>
  <testcase name="c" time="0.003" classname="testngproject.TestNGpara3"/>
  <system-out/>
  <testcase name="d" classname="testngproject.TestNGpara3">
    <skipped/>
  </testcase> <!-- d -->
  <system-out/>
  <testcase name="b" classname="testngproject.TestNGpara3">
    <skipped/>
  </testcase> <!-- b -->
  <system-out/>
</testsuite> <!-- testngproject.TestNGpara3 -->
