<?xml version="1.0" encoding="UTF-8"?>
<!-- Generated by org.testng.reporters.JUnitReportReporter -->
<testsuite skipped="0" hostname="DESKTOP-C90RD6T" name="testngproject.TestNG5" tests="2" failures="0" timestamp="2022-05-13T10:08:46 IST" time="0.026" errors="0">
  <testcase name="testCase5" time="0.026" classname="testngproject.TestNG5"/>
  <system-out/>
  <testcase name="testCase6" time="0.000" classname="testngproject.TestNG5"/>
  <system-out/>
</testsuite> <!-- testngproject.TestNG5 -->
