<?xml version="1.0" encoding="UTF-8"?>
<!-- Generated by org.testng.reporters.JUnitReportReporter -->
<testsuite skipped="0" hostname="DESKTOP-C90RD6T" name="testngproject.Examlpeannotions3" tests="2" failures="0" timestamp="2022-05-13T20:46:52 IST" time="0.015" errors="0">
  <testcase name="verifyLogin" time="0.015" classname="testngproject.Examlpeannotions3"/>
  <system-out/>
  <testcase name="createTask" time="0.000" classname="testngproject.Examlpeannotions3"/>
  <system-out/>
</testsuite> <!-- testngproject.Examlpeannotions3 -->
