<?xml version="1.0" encoding="UTF-8"?>
<!-- Generated by org.testng.reporters.JUnitReportReporter -->
<testsuite skipped="0" hostname="DESKTOP-C90RD6T" name="testngproject.TestNGpara5" tests="3" failures="0" timestamp="2022-05-13T19:42:08 IST" time="0.031" errors="0">
  <testcase name="signIn" time="0.025" classname="testngproject.TestNGpara5"/>
  <system-out/>
  <testcase name="login" time="0.004" classname="testngproject.TestNGpara5"/>
  <system-out/>
  <testcase name="checkNotification" time="0.002" classname="testngproject.TestNGpara5"/>
  <system-out/>
</testsuite> <!-- testngproject.TestNGpara5 -->
