<?xml version="1.0" encoding="UTF-8"?>
<!-- Generated by org.testng.reporters.JUnitReportReporter -->
<testsuite skipped="0" hostname="DESKTOP-C90RD6T" name="testngproject.TestNGpara2" tests="3" failures="0" timestamp="2022-05-13T19:12:41 IST" time="0.023" errors="0">
  <testcase name="a" time="0.013" classname="testngproject.TestNGpara2"/>
  <system-out/>
  <testcase name="b" time="0.003" classname="testngproject.TestNGpara2"/>
  <system-out/>
  <testcase name="c" time="0.007" classname="testngproject.TestNGpara2"/>
  <system-out/>
</testsuite> <!-- testngproject.TestNGpara2 -->
