<?xml version="1.0" encoding="UTF-8"?>
<!-- Generated by org.testng.reporters.JUnitReportReporter -->
<testsuite skipped="0" hostname="DESKTOP-C90RD6T" name="testngproject.TestNG8" tests="1" failures="0" timestamp="2022-05-13T10:26:25 IST" time="207.169" errors="0">
  <testcase name="loginLogoutInActitimeApplication" time="207.169" classname="testngproject.TestNG8"/>
  <system-out/>
</testsuite> <!-- testngproject.TestNG8 -->
