<?xml version="1.0" encoding="UTF-8"?>
<!-- Generated by org.testng.reporters.JUnitReportReporter -->
<testsuite skipped="0" hostname="DESKTOP-C90RD6T" name="testngproject.Testngpara7" tests="2" failures="0" timestamp="2022-05-13T20:32:39 IST" time="0.015" errors="0">
  <testcase name="login" time="0.015" classname="testngproject.Testngpara7"/>
  <system-out/>
  <testcase name="signup" time="0.000" classname="testngproject.Testngpara7"/>
  <system-out/>
</testsuite> <!-- testngproject.Testngpara7 -->
