<?xml version="1.0" encoding="UTF-8"?>
<!-- Generated by org.testng.reporters.JUnitReportReporter -->
<testsuite skipped="0" hostname="DESKTOP-C90RD6T" name="testngproject.TestNG7" tests="2" failures="0" timestamp="2022-05-13T10:11:00 IST" time="0.016" errors="0">
  <testcase name="la" time="0.013" classname="testngproject.TestNG7"/>
  <system-out/>
  <testcase name="ok" time="0.003" classname="testngproject.TestNG7"/>
  <system-out/>
</testsuite> <!-- testngproject.TestNG7 -->
