<?xml version="1.0" encoding="UTF-8"?>
<!-- Generated by org.testng.reporters.JUnitReportReporter -->
<testsuite skipped="0" hostname="DESKTOP-C90RD6T" name="testngproject.TestNHparam1" tests="6" failures="0" timestamp="2022-05-13T19:02:35 IST" time="0.028" errors="0">
  <testcase name="harshal" time="0.021" classname="testngproject.TestNHparam1"/>
  <system-out/>
  <testcase name="harshal" time="0.002" classname="testngproject.TestNHparam1"/>
  <system-out/>
  <testcase name="harshal" time="0.001" classname="testngproject.TestNHparam1"/>
  <system-out/>
  <testcase name="harshal" time="0.002" classname="testngproject.TestNHparam1"/>
  <system-out/>
  <testcase name="harshal" time="0.002" classname="testngproject.TestNHparam1"/>
  <system-out/>
  <testcase name="harshal" time="0.000" classname="testngproject.TestNHparam1"/>
  <system-out/>
</testsuite> <!-- testngproject.TestNHparam1 -->
